<?xml version="1.0" encoding="UTF-8" ?>
<testsuite failures="0" time="0.058" errors="0" skipped="0" tests="5" name="it.unitn.disi.sweb.names.repository.TestEtypeDAO">
  <properties>
[...]
</properties>
  <testcase time="0.021" classname="it.unitn.disi.sweb.names.repository.TestEtypeDAO" name="testFindAll"/>
  <testcase time="0.008" classname="it.unitn.disi.sweb.names.repository.TestEtypeDAO" name="testSave"/>
  <testcase time="0.011" classname="it.unitn.disi.sweb.names.repository.TestEtypeDAO" name="testUpdate"/>
  <testcase time="0.006" classname="it.unitn.disi.sweb.names.repository.TestEtypeDAO" name="testFindById"/>
  <testcase time="0.008" classname="it.unitn.disi.sweb.names.repository.TestEtypeDAO" name="testFindByName"/>
</testsuite>