<?xml version="1.0" encoding="UTF-8" ?>
<testsuite failures="0" time="2.867" errors="0" skipped="0" tests="87" name="it.unitn.disi.sweb.names.repository.TestRepository">
  <properties>
[...]
</properties>
  <testcase time="0.01" classname="it.unitn.disi.sweb.names.repository.TestEntityDAO" name="testSave"/>
  <testcase time="0.011" classname="it.unitn.disi.sweb.names.repository.TestEntityDAO" name="testUpdate"/>
  <testcase time="0.006" classname="it.unitn.disi.sweb.names.repository.TestEntityDAO" name="testFindById"/>
  <testcase time="0.023" classname="it.unitn.disi.sweb.names.repository.TestEntityDAO" name="testFindByName"/>
  <testcase time="0.024" classname="it.unitn.disi.sweb.names.repository.TestEntityDAO" name="testFindByNameEtype"/>
  <testcase time="0.007" classname="it.unitn.disi.sweb.names.repository.TestEntityDAO" name="testFindByUrl"/>
  <testcase time="0.023" classname="it.unitn.disi.sweb.names.repository.TestEntityDAO" name="testFindByNameUrl"/>
  <testcase time="0.01" classname="it.unitn.disi.sweb.names.repository.TestEntityDAO" name="testFindByEtype"/>
  <testcase time="0.007" classname="it.unitn.disi.sweb.names.repository.TestEtypeDAO" name="testSave"/>
  <testcase time="0.007" classname="it.unitn.disi.sweb.names.repository.TestEtypeDAO" name="testUpdate"/>
  <testcase time="0.004" classname="it.unitn.disi.sweb.names.repository.TestEtypeDAO" name="testFindById"/>
  <testcase time="0.005" classname="it.unitn.disi.sweb.names.repository.TestEtypeDAO" name="testFindByName"/>
  <testcase time="0.005" classname="it.unitn.disi.sweb.names.repository.TestEtypeDAO" name="testFindAll"/>
  <testcase time="0.01" classname="it.unitn.disi.sweb.names.repository.TestFullNameDAO" name="testSave"/>
  <testcase time="0.014" classname="it.unitn.disi.sweb.names.repository.TestFullNameDAO" name="testUpdate"/>
  <testcase time="0.007" classname="it.unitn.disi.sweb.names.repository.TestFullNameDAO" name="testFindById"/>
  <testcase time="0.011" classname="it.unitn.disi.sweb.names.repository.TestFullNameDAO" name="testFindByName"/>
  <testcase time="0.008" classname="it.unitn.disi.sweb.names.repository.TestFullNameDAO" name="testFindByNameEtype"/>
  <testcase time="0.009" classname="it.unitn.disi.sweb.names.repository.TestFullNameDAO" name="testFindByNameNormalized"/>
  <testcase time="0.009" classname="it.unitn.disi.sweb.names.repository.TestFullNameDAO" name="testFindByNameToCompare"/>
  <testcase time="0.009" classname="it.unitn.disi.sweb.names.repository.TestFullNameDAO" name="testFindByEntity"/>
  <testcase time="0.012" classname="it.unitn.disi.sweb.names.repository.TestFullNameDAO" name="testFindByEntityName"/>
  <testcase time="0.012" classname="it.unitn.disi.sweb.names.repository.TestFullNameDAO" name="testFindVariant"/>
  <testcase time="0.008" classname="it.unitn.disi.sweb.names.repository.TestFullNameDAO" name="testFindByToken"/>
  <testcase time="0.01" classname="it.unitn.disi.sweb.names.repository.TestFullNameDAO" name="testFindByNgram"/>
  <testcase time="0.02" classname="it.unitn.disi.sweb.names.repository.TestIndividualNameDAO" name="testIsTranslation"/>
  <testcase time="0.018" classname="it.unitn.disi.sweb.names.repository.TestIndividualNameDAO" name="testFindTranslations"/>
  <testcase time="0.016" classname="it.unitn.disi.sweb.names.repository.TestIndividualNameDAO" name="testSave"/>
  <testcase time="0.017" classname="it.unitn.disi.sweb.names.repository.TestIndividualNameDAO" name="testUpdate"/>
  <testcase time="0.012" classname="it.unitn.disi.sweb.names.repository.TestIndividualNameDAO" name="testFindById"/>
  <testcase time="0.015" classname="it.unitn.disi.sweb.names.repository.TestIndividualNameDAO" name="testFindByName"/>
  <testcase time="0.016" classname="it.unitn.disi.sweb.names.repository.TestIndividualNameDAO" name="testFindByNameEtype"/>
  <testcase time="0.009" classname="it.unitn.disi.sweb.names.repository.TestNameElementDAO" name="testFindName"/>
  <testcase time="0.011" classname="it.unitn.disi.sweb.names.repository.TestNameElementDAO" name="testFindByEType"/>
  <testcase time="0.008" classname="it.unitn.disi.sweb.names.repository.TestNameElementDAO" name="testFindByNameEType"/>
  <testcase time="0.011" classname="it.unitn.disi.sweb.names.repository.TestNameElementDAO" name="testSave"/>
  <testcase time="0.011" classname="it.unitn.disi.sweb.names.repository.TestNameElementDAO" name="testUpdate"/>
  <testcase time="0.008" classname="it.unitn.disi.sweb.names.repository.TestNameElementDAO" name="testFindById"/>
  <testcase time="0.01" classname="it.unitn.disi.sweb.names.repository.TestNameElementDAO" name="testFindAll"/>
  <testcase time="0.019" classname="it.unitn.disi.sweb.names.repository.TestNameStatisticDAO" name="testFindByNameElement"/>
  <testcase time="0.019" classname="it.unitn.disi.sweb.names.repository.TestNameStatisticDAO" name="testSave"/>
  <testcase time="0.021" classname="it.unitn.disi.sweb.names.repository.TestNameStatisticDAO" name="testUpdate"/>
  <testcase time="0.013" classname="it.unitn.disi.sweb.names.repository.TestNameStatisticDAO" name="testFindById"/>
  <testcase time="0.015" classname="it.unitn.disi.sweb.names.repository.TestNameStatisticDAO" name="testFindByName"/>
  <testcase time="0.019" classname="it.unitn.disi.sweb.names.repository.TestNameTokenDAO" name="testSave"/>
  <testcase time="0.023" classname="it.unitn.disi.sweb.names.repository.TestNameTokenDAO" name="testUpdate"/>
  <testcase time="0.019" classname="it.unitn.disi.sweb.names.repository.TestNameTokenDAO" name="testFindById"/>
  <testcase time="0.02" classname="it.unitn.disi.sweb.names.repository.TestNameTokenDAO" name="testFindByFullNameIndividualName"/>
  <testcase time="0.02" classname="it.unitn.disi.sweb.names.repository.TestNameTokenDAO" name="testFindByFullName"/>
  <testcase time="0.023" classname="it.unitn.disi.sweb.names.repository.TestNameTokenDAO" name="testFindByIndividualName"/>
  <testcase time="0.025" classname="it.unitn.disi.sweb.names.repository.TestPrefixDAO" name="testSave"/>
  <testcase time="0.028" classname="it.unitn.disi.sweb.names.repository.TestPrefixDAO" name="testUpdate"/>
  <testcase time="0.024" classname="it.unitn.disi.sweb.names.repository.TestPrefixDAO" name="testFindById"/>
  <testcase time="0.021" classname="it.unitn.disi.sweb.names.repository.TestPrefixDAO" name="testFindByPrefix"/>
  <testcase time="0.027" classname="it.unitn.disi.sweb.names.repository.TestPrefixDAO" name="testFindByPrefixSelected"/>
  <testcase time="0.023" classname="it.unitn.disi.sweb.names.repository.TestTriggerWordDAO" name="testSave"/>
  <testcase time="0.018" classname="it.unitn.disi.sweb.names.repository.TestTriggerWordDAO" name="testUpdate"/>
  <testcase time="0.008" classname="it.unitn.disi.sweb.names.repository.TestTriggerWordDAO" name="testFindById"/>
  <testcase time="0.021" classname="it.unitn.disi.sweb.names.repository.TestTriggerWordDAO" name="testFindVariations"/>
  <testcase time="0.009" classname="it.unitn.disi.sweb.names.repository.TestTriggerWordDAO" name="testFindByTriggerWord"/>
  <testcase time="0.009" classname="it.unitn.disi.sweb.names.repository.TestTriggerWordDAO" name="testFindByTriggerWordEtype"/>
  <testcase time="0.029" classname="it.unitn.disi.sweb.names.repository.TestTriggerWordDAO" name="testIsVariation"/>
  <testcase time="0.024" classname="it.unitn.disi.sweb.names.repository.TestTriggerWordStatisticDAO" name="testSave"/>
  <testcase time="0.029" classname="it.unitn.disi.sweb.names.repository.TestTriggerWordStatisticDAO" name="testUpdate"/>
  <testcase time="0.011" classname="it.unitn.disi.sweb.names.repository.TestTriggerWordStatisticDAO" name="testFindById"/>
  <testcase time="0.016" classname="it.unitn.disi.sweb.names.repository.TestTriggerWordStatisticDAO" name="testFindByTriggerWord"/>
  <testcase time="0.02" classname="it.unitn.disi.sweb.names.repository.TestTriggerWordStatisticDAO" name="testFindByTriggerWordEtype"/>
  <testcase time="1.32" classname="it.unitn.disi.sweb.names.repository.TestTriggerWordTokenDAO" name="testSave"/>
  <testcase time="0.026" classname="it.unitn.disi.sweb.names.repository.TestTriggerWordTokenDAO" name="testFindById"/>
  <testcase time="0.028" classname="it.unitn.disi.sweb.names.repository.TestTriggerWordTokenDAO" name="testFindByFullName"/>
  <testcase time="0.027" classname="it.unitn.disi.sweb.names.repository.TestTriggerWordTokenDAO" name="testFindByTriggerWord"/>
  <testcase time="0.061" classname="it.unitn.disi.sweb.names.repository.TestTriggerWordTokenDAO" name="testUpload"/>
  <testcase time="0.037" classname="it.unitn.disi.sweb.names.repository.TestTriggerWordTokenDAO" name="testFindByTriggerWordFullName"/>
  <testcase time="0.035" classname="it.unitn.disi.sweb.names.repository.TestTriggerWordTokenDAO" name="testFindByFullNamePosition"/>
  <testcase time="0.019" classname="it.unitn.disi.sweb.names.repository.TestTriggerWordTypeDAO" name="testFindByEType"/>
  <testcase time="0.007" classname="it.unitn.disi.sweb.names.repository.TestTriggerWordTypeDAO" name="testFindByNameEType"/>
  <testcase time="0.009" classname="it.unitn.disi.sweb.names.repository.TestTriggerWordTypeDAO" name="testSave"/>
  <testcase time="0.013" classname="it.unitn.disi.sweb.names.repository.TestTriggerWordTypeDAO" name="testUpdate"/>
  <testcase time="0.006" classname="it.unitn.disi.sweb.names.repository.TestTriggerWordTypeDAO" name="testFindById"/>
  <testcase time="0.009" classname="it.unitn.disi.sweb.names.repository.TestTriggerWordTypeDAO" name="testFindByName"/>
  <testcase time="0.015" classname="it.unitn.disi.sweb.names.repository.TestTriggerWordTypeDAO" name="testFindAll"/>
  <testcase time="0.043" classname="it.unitn.disi.sweb.names.repository.TestUsageStatisticDAO" name="testSave"/>
  <testcase time="0.028" classname="it.unitn.disi.sweb.names.repository.TestUsageStatisticDAO" name="testUpdate"/>
  <testcase time="0.029" classname="it.unitn.disi.sweb.names.repository.TestUsageStatisticDAO" name="testFindById"/>
  <testcase time="0.031" classname="it.unitn.disi.sweb.names.repository.TestUsageStatisticDAO" name="testFindByQuery"/>
  <testcase time="0.031" classname="it.unitn.disi.sweb.names.repository.TestUsageStatisticDAO" name="testFindByQuerySelected"/>
  <testcase time="0.03" classname="it.unitn.disi.sweb.names.repository.TestUsageStatisticDAO" name="testFindAll"/>
</testsuite>